
**************************************************************
 Geant4 version Name: geant4-10-04-patch-03    (8-February-2019)
                       Copyright : Geant4 Collaboration
                      References : NIM A 506 (2003), 250-303
                                 : IEEE-TNS 53 (2006), 270-278
                                 : NIM A 835 (2016), 186-225
                             WWW : http://geant4.org/
**************************************************************

### G4PhysListFactory WARNING:  environment variable PHYSLIST is not defined
    Default Physics Lists FTFP_BERT is instantiated
G4PhysListFactory::GetReferencePhysList <FTFP_BERT>  EMoption= 0
<<< Geant4 Physics List simulation engine: FTFP_BERT 2.0

<<< Reference Physics List FTFP_BERT is built

Monopole is created: m(GeV)= 1e+12 Qel= 0 Qmag= 68.518
Monopole defintion:1e+15,1,0
/monopole/setup 
### Event:1633972341
/control/execute monopole.in
/control/verbose 1
/control/cout/ignoreThreadsExcept 0
/run/verbose 0
/testex/run/verbose 1
/tracking/verbose 0
/testex/det/setMat G4_Si
/testex/det/setSizeX 10 cm
/run/geometryModified
/testex/det/setSizeYZ 20 cm
/run/geometryModified
/testex/det/setStepSize 0.2 mm
/testex/run/binSize 0.2 mm
/process/em/verbose 1
/run/physicsModified
/run/initialize

---------------------------------------------------------
---> The Absorber is 10 cm  of G4_Si

---------------------------------------------------------

 FTFP_BERT : new threshold between BERT and FTFP is over the interval 
 for pions :   3 to 12 GeV
 for kaons :   3 to 12 GeV
 for proton :  3 to 12 GeV
 for neutron : 3 to 12 GeV

### Adding tracking cuts for neutron  TimeCut(ns)= 10000  KinEnergyCut(MeV)= 0
Monopole magnetic charge:68.518; Energy:5e+10-1e+17

-------- WWWW ------- G4Exception-START -------- WWWW -------
*** G4Exception : em0044
      issued by : G4VEnergyLossProcess::SetMinKinEnergy
Parameter is out of range: 5e+10 it will have no effect!
  Process mplIoni  nbins= 63 Emin(keV)= 0.1 Emax(GeV)= 100000
*** This is just a warning message. ***
-------- WWWW -------- G4Exception-END --------- WWWW -------

68.518, Mini energy:5e+10, Max energy:1e+17
/particle/select monopole
/particle/process/dump
G4ProcessManager:  particle[monopole]
[0]=== process[MonopoleTransportation :Transportation] Active 
  Ordering::             AtRest             AlongStep          PostStep   
                    GetPIL/    DoIt    GetPIL/    DoIt    GetPIL/    DoIt 
  Ordering::      
  index                 -1:      -1:       1:       0:       2:       0:
  parameter             -1:      -1:       1:       1:       1:       1:
[1]=== process[mplIoni :Electromagnetic] Active 
  Ordering::             AtRest             AlongStep          PostStep   
                    GetPIL/    DoIt    GetPIL/    DoIt    GetPIL/    DoIt 
  Ordering::      
  index                 -1:      -1:       0:       1:       1:       1:
  parameter             -1:      -1:       2:       2:       2:       2:
[2]=== process[StepLimiter :General] Active 
  Ordering::             AtRest             AlongStep          PostStep   
                    GetPIL/    DoIt    GetPIL/    DoIt    GetPIL/    DoIt 
  Ordering::      
  index                 -1:      -1:      -1:      -1:       0:       2:
  parameter             -1:      -1:      -1:      -1:    1000:    1000:
/run/printProgress 10
/gun/particle monopole
/gun/energy 100 GeV
/run/beamOn 100
### Monopole ionisation model with d-electron production, Gmag= 68.518

phot:   for  gamma    SubType= 12  BuildTable= 0
      LambdaPrime table from 200 keV to 100 TeV in 61 bins 
      ===== EM models for the G4Region  DefaultRegionForTheWorld ======
 LivermorePhElectric :  Emin=        0 eV    Emax=      100 TeV   AngularGenSauterGavrila  FluoActive

compt:   for  gamma    SubType= 13  BuildTable= 1
      Lambda table from 100 eV  to 1 MeV, 7 bins per decade, spline: 1
      LambdaPrime table from 1 MeV to 100 TeV in 56 bins 
      ===== EM models for the G4Region  DefaultRegionForTheWorld ======
       Klein-Nishina :  Emin=        0 eV    Emax=      100 TeV

conv:   for  gamma    SubType= 14  BuildTable= 1
      Lambda table from 1.022 MeV to 100 TeV, 18 bins per decade, spline: 1
      ===== EM models for the G4Region  DefaultRegionForTheWorld ======
        BetheHeitler :  Emin=        0 eV    Emax=       80 GeV
     BetheHeitlerLPM :  Emin=       80 GeV   Emax=      100 TeV

Rayl:   for  gamma    SubType= 11  BuildTable= 1
      Lambda table from 100 eV  to 100 keV, 7 bins per decade, spline: 0
      LambdaPrime table from 100 keV to 100 TeV in 63 bins 
      ===== EM models for the G4Region  DefaultRegionForTheWorld ======
   LivermoreRayleigh :  Emin=        0 eV    Emax=      100 TeV   CullenGenerator

msc:   for e-    SubType= 10
      RangeFactor= 0.04, stepLimitType: 1, latDisplacement: 1
      ===== EM models for the G4Region  DefaultRegionForTheWorld ======
            UrbanMsc :  Emin=        0 eV    Emax=      100 MeV  Table with 42 bins Emin=    100 eV    Emax=    100 MeV
        WentzelVIUni :  Emin=      100 MeV   Emax=      100 TeV  Table with 42 bins Emin=    100 MeV   Emax=    100 TeV

eIoni:   for  e-    SubType= 2
      dE/dx and range tables from 100 eV  to 100 TeV in 84 bins
      Lambda tables from threshold to 100 TeV, 7 bins per decade, spline: 1
      finalRange(mm)= 1, dRoverRange= 0.2, integral: 1, fluct: 1, linLossLimit= 0.01
      ===== EM models for the G4Region  DefaultRegionForTheWorld ======
        MollerBhabha :  Emin=        0 eV    Emax=      100 TeV

eBrem:   for  e-    SubType= 3
      dE/dx and range tables from 100 eV  to 100 TeV in 84 bins
      Lambda tables from threshold to 100 TeV, 7 bins per decade, spline: 1
      LPM flag: 1 for E > 1 GeV,  VertexHighEnergyTh(GeV)= 100000
      ===== EM models for the G4Region  DefaultRegionForTheWorld ======
             eBremSB :  Emin=        0 eV    Emax=        1 GeV   DipBustGen
            eBremLPM :  Emin=        1 GeV   Emax=      100 TeV   DipBustGen

CoulombScat:   for  e-, integral: 1     SubType= 1  BuildTable= 1
      Lambda table from 100 MeV to 100 TeV, 7 bins per decade, spline: 1
      ThetaMin(p) < Theta(degree) < 180; pLimit(GeV^1)= 0.139531
      ===== EM models for the G4Region  DefaultRegionForTheWorld ======
  eCoulombScattering :  Emin=      100 MeV   Emax=      100 TeV

msc:   for e+    SubType= 10
      RangeFactor= 0.04, stepLimitType: 1, latDisplacement: 1
      ===== EM models for the G4Region  DefaultRegionForTheWorld ======
            UrbanMsc :  Emin=        0 eV    Emax=      100 MeV  Table with 42 bins Emin=    100 eV    Emax=    100 MeV
        WentzelVIUni :  Emin=      100 MeV   Emax=      100 TeV  Table with 42 bins Emin=    100 MeV   Emax=    100 TeV

eIoni:   for  e+    SubType= 2
      dE/dx and range tables from 100 eV  to 100 TeV in 84 bins
      Lambda tables from threshold to 100 TeV, 7 bins per decade, spline: 1
      finalRange(mm)= 1, dRoverRange= 0.2, integral: 1, fluct: 1, linLossLimit= 0.01
      ===== EM models for the G4Region  DefaultRegionForTheWorld ======
        MollerBhabha :  Emin=        0 eV    Emax=      100 TeV

eBrem:   for  e+    SubType= 3
      dE/dx and range tables from 100 eV  to 100 TeV in 84 bins
      Lambda tables from threshold to 100 TeV, 7 bins per decade, spline: 1
      LPM flag: 1 for E > 1 GeV,  VertexHighEnergyTh(GeV)= 100000
      ===== EM models for the G4Region  DefaultRegionForTheWorld ======
             eBremSB :  Emin=        0 eV    Emax=        1 GeV   DipBustGen
            eBremLPM :  Emin=        1 GeV   Emax=      100 TeV   DipBustGen

annihil:   for  e+, integral: 1     SubType= 5  BuildTable= 0
      ===== EM models for the G4Region  DefaultRegionForTheWorld ======
            eplus2gg :  Emin=        0 eV    Emax=      100 TeV

CoulombScat:   for  e+, integral: 1     SubType= 1  BuildTable= 1
      Lambda table from 100 MeV to 100 TeV, 7 bins per decade, spline: 1
      ThetaMin(p) < Theta(degree) < 180; pLimit(GeV^1)= 0.139531
      ===== EM models for the G4Region  DefaultRegionForTheWorld ======
  eCoulombScattering :  Emin=      100 MeV   Emax=      100 TeV

msc:   for proton    SubType= 10
      RangeFactor= 0.2, stepLimitType: 0, latDisplacement: 0
      ===== EM models for the G4Region  DefaultRegionForTheWorld ======
        WentzelVIUni :  Emin=        0 eV    Emax=      100 TeV  Table with 84 bins Emin=    100 eV    Emax=    100 TeV

hIoni:   for  proton    SubType= 2
      dE/dx and range tables from 100 eV  to 100 TeV in 84 bins
      Lambda tables from threshold to 100 TeV, 7 bins per decade, spline: 1
      finalRange(mm)= 0.1, dRoverRange= 0.2, integral: 1, fluct: 1, linLossLimit= 0.01
      ===== EM models for the G4Region  DefaultRegionForTheWorld ======
               Bragg :  Emin=        0 eV    Emax=        2 MeV
          BetheBloch :  Emin=        2 MeV   Emax=      100 TeV

hBrems:   for  proton    SubType= 3
      dE/dx and range tables from 100 eV  to 100 TeV in 84 bins
      Lambda tables from threshold to 100 TeV, 7 bins per decade, spline: 1
      ===== EM models for the G4Region  DefaultRegionForTheWorld ======
               hBrem :  Emin=        0 eV    Emax=      100 TeV

hPairProd:   for  proton    SubType= 4
      dE/dx and range tables from 100 eV  to 100 TeV in 84 bins
      Lambda tables from threshold to 100 TeV, 7 bins per decade, spline: 1
      Sampling table 17x1001; from 7.50618 GeV to 100 TeV 
      ===== EM models for the G4Region  DefaultRegionForTheWorld ======
           hPairProd :  Emin=        0 eV    Emax=      100 TeV

CoulombScat:   for  proton, integral: 1     SubType= 1  BuildTable= 1
      Lambda table from threshold  to 100 TeV, 7 bins per decade, spline: 1
      ThetaMin(p) < Theta(degree) < 180; pLimit(GeV^1)= 0.139531
      ===== EM models for the G4Region  DefaultRegionForTheWorld ======
  eCoulombScattering :  Emin=        0 eV    Emax=      100 TeV

msc:   for GenericIon    SubType= 10
      RangeFactor= 0.2, stepLimitType: 0, latDisplacement: 0
      ===== EM models for the G4Region  DefaultRegionForTheWorld ======
            UrbanMsc :  Emin=        0 eV    Emax=      100 TeV

ionIoni:   for  GenericIon    SubType= 2
      dE/dx and range tables from 100 eV  to 100 TeV in 84 bins
      Lambda tables from threshold to 100 TeV, 7 bins per decade, spline: 1
      finalRange(mm)= 0.1, dRoverRange= 0.2, integral: 1, fluct: 1, linLossLimit= 0.02
      Stopping Power data for 17 ion/material pairs 
      ===== EM models for the G4Region  DefaultRegionForTheWorld ======
            BraggIon :  Emin=        0 eV    Emax=        2 MeV
          BetheBloch :  Emin=        2 MeV   Emax=      100 TeV

msc:   for alpha    SubType= 10
      RangeFactor= 0.2, stepLimitType: 0, latDisplacement: 0
      ===== EM models for the G4Region  DefaultRegionForTheWorld ======
            UrbanMsc :  Emin=        0 eV    Emax=      100 TeV  Table with 84 bins Emin=    100 eV    Emax=    100 TeV

ionIoni:   for  alpha    SubType= 2
      dE/dx and range tables from 100 eV  to 100 TeV in 84 bins
      Lambda tables from threshold to 100 TeV, 7 bins per decade, spline: 1
      finalRange(mm)= 0.1, dRoverRange= 0.2, integral: 1, fluct: 1, linLossLimit= 0.02
      ===== EM models for the G4Region  DefaultRegionForTheWorld ======
            BraggIon :  Emin=        0 eV    Emax=   7.9452 MeV
          BetheBloch :  Emin=   7.9452 MeV   Emax=      100 TeV

msc:   for anti_proton    SubType= 10
      RangeFactor= 0.2, stepLimitType: 0, latDisplacement: 0
      ===== EM models for the G4Region  DefaultRegionForTheWorld ======
        WentzelVIUni :  Emin=        0 eV    Emax=      100 TeV  Table with 84 bins Emin=    100 eV    Emax=    100 TeV

hIoni:   for  anti_proton    SubType= 2
      dE/dx and range tables from 100 eV  to 100 TeV in 84 bins
      Lambda tables from threshold to 100 TeV, 7 bins per decade, spline: 1
      finalRange(mm)= 0.1, dRoverRange= 0.2, integral: 1, fluct: 1, linLossLimit= 0.01
      ===== EM models for the G4Region  DefaultRegionForTheWorld ======
            ICRU73QO :  Emin=        0 eV    Emax=        2 MeV
          BetheBloch :  Emin=        2 MeV   Emax=      100 TeV

hBrems:   for  anti_proton    SubType= 3
      dE/dx and range tables from 100 eV  to 100 TeV in 84 bins
      Lambda tables from threshold to 100 TeV, 7 bins per decade, spline: 1
      ===== EM models for the G4Region  DefaultRegionForTheWorld ======
               hBrem :  Emin=        0 eV    Emax=      100 TeV

hPairProd:   for  anti_proton    SubType= 4
      dE/dx and range tables from 100 eV  to 100 TeV in 84 bins
      Lambda tables from threshold to 100 TeV, 7 bins per decade, spline: 1
      Sampling table 17x1001; from 7.50618 GeV to 100 TeV 
      ===== EM models for the G4Region  DefaultRegionForTheWorld ======
           hPairProd :  Emin=        0 eV    Emax=      100 TeV

CoulombScat:   for  anti_proton, integral: 1     SubType= 1  BuildTable= 1
      Lambda table from threshold  to 100 TeV, 7 bins per decade, spline: 1
      ThetaMin(p) < Theta(degree) < 180; pLimit(GeV^1)= 0.139531
      ===== EM models for the G4Region  DefaultRegionForTheWorld ======
  eCoulombScattering :  Emin=        0 eV    Emax=      100 TeV

msc:   for kaon+    SubType= 10
      RangeFactor= 0.2, stepLimitType: 0, latDisplacement: 0
      ===== EM models for the G4Region  DefaultRegionForTheWorld ======
        WentzelVIUni :  Emin=        0 eV    Emax=      100 TeV  Table with 84 bins Emin=    100 eV    Emax=    100 TeV

hIoni:   for  kaon+    SubType= 2
      dE/dx and range tables from 100 eV  to 100 TeV in 84 bins
      Lambda tables from threshold to 100 TeV, 7 bins per decade, spline: 1
      finalRange(mm)= 0.1, dRoverRange= 0.2, integral: 1, fluct: 1, linLossLimit= 0.01
      ===== EM models for the G4Region  DefaultRegionForTheWorld ======
               Bragg :  Emin=        0 eV    Emax=  1.05231 MeV
          BetheBloch :  Emin=  1.05231 MeV   Emax=      100 TeV

hBrems:   for  kaon+    SubType= 3
      dE/dx and range tables from 100 eV  to 100 TeV in 84 bins
      Lambda tables from threshold to 100 TeV, 7 bins per decade, spline: 1
      ===== EM models for the G4Region  DefaultRegionForTheWorld ======
               hBrem :  Emin=        0 eV    Emax=      100 TeV

hPairProd:   for  kaon+    SubType= 4
      dE/dx and range tables from 100 eV  to 100 TeV in 84 bins
      Lambda tables from threshold to 100 TeV, 7 bins per decade, spline: 1
      Sampling table 18x1001; from 3.94942 GeV to 100 TeV 
      ===== EM models for the G4Region  DefaultRegionForTheWorld ======
           hPairProd :  Emin=        0 eV    Emax=      100 TeV

CoulombScat:   for  kaon+, integral: 1     SubType= 1  BuildTable= 1
      Lambda table from threshold  to 100 TeV, 7 bins per decade, spline: 1
      ThetaMin(p) < Theta(degree) < 180; pLimit(GeV^1)= 0.139531
      ===== EM models for the G4Region  DefaultRegionForTheWorld ======
  eCoulombScattering :  Emin=        0 eV    Emax=      100 TeV

msc:   for kaon-    SubType= 10
      RangeFactor= 0.2, stepLimitType: 0, latDisplacement: 0
      ===== EM models for the G4Region  DefaultRegionForTheWorld ======
        WentzelVIUni :  Emin=        0 eV    Emax=      100 TeV  Table with 84 bins Emin=    100 eV    Emax=    100 TeV

hIoni:   for  kaon-    SubType= 2
      dE/dx and range tables from 100 eV  to 100 TeV in 84 bins
      Lambda tables from threshold to 100 TeV, 7 bins per decade, spline: 1
      finalRange(mm)= 0.1, dRoverRange= 0.2, integral: 1, fluct: 1, linLossLimit= 0.01
      ===== EM models for the G4Region  DefaultRegionForTheWorld ======
            ICRU73QO :  Emin=        0 eV    Emax=  1.05231 MeV
          BetheBloch :  Emin=  1.05231 MeV   Emax=      100 TeV

hBrems:   for  kaon-    SubType= 3
      dE/dx and range tables from 100 eV  to 100 TeV in 84 bins
      Lambda tables from threshold to 100 TeV, 7 bins per decade, spline: 1
      ===== EM models for the G4Region  DefaultRegionForTheWorld ======
               hBrem :  Emin=        0 eV    Emax=      100 TeV

hPairProd:   for  kaon-    SubType= 4
      dE/dx and range tables from 100 eV  to 100 TeV in 84 bins
      Lambda tables from threshold to 100 TeV, 7 bins per decade, spline: 1
      Sampling table 18x1001; from 3.94942 GeV to 100 TeV 
      ===== EM models for the G4Region  DefaultRegionForTheWorld ======
           hPairProd :  Emin=        0 eV    Emax=      100 TeV

CoulombScat:   for  kaon-, integral: 1     SubType= 1  BuildTable= 1
      Used Lambda table of kaon+
      ThetaMin(p) < Theta(degree) < 180; pLimit(GeV^1)= 0.139531
      ===== EM models for the G4Region  DefaultRegionForTheWorld ======
  eCoulombScattering :  Emin=        0 eV    Emax=      100 TeV

msc:   for mu+    SubType= 10
      RangeFactor= 0.2, step limit type: 0, lateralDisplacement: 0, polarAngleLimit(deg)= 180
      ===== EM models for the G4Region  DefaultRegionForTheWorld ======
        WentzelVIUni :  Emin=        0 eV    Emax=      100 TeV  Table with 84 bins Emin=    100 eV    Emax=    100 TeV

muIoni:   for  mu+    SubType= 2
      dE/dx and range tables from 100 eV  to 100 TeV in 84 bins
      Lambda tables from threshold to 100 TeV, 7 bins per decade, spline: 1
      finalRange(mm)= 0.1, dRoverRange= 0.2, integral: 1, fluct: 1, linLossLimit= 0.01
      ===== EM models for the G4Region  DefaultRegionForTheWorld ======
               Bragg :  Emin=        0 eV    Emax=      200 keV
          BetheBloch :  Emin=      200 keV   Emax=        1 GeV
        MuBetheBloch :  Emin=        1 GeV   Emax=      100 TeV

muBrems:   for  mu+    SubType= 3
      dE/dx and range tables from 100 eV  to 100 TeV in 84 bins
      Lambda tables from threshold to 100 TeV, 7 bins per decade, spline: 1
      ===== EM models for the G4Region  DefaultRegionForTheWorld ======
              MuBrem :  Emin=        0 eV    Emax=      100 TeV

muPairProd:   for  mu+    SubType= 4
      dE/dx and range tables from 100 eV  to 100 TeV in 84 bins
      Lambda tables from threshold to 100 TeV, 7 bins per decade, spline: 1
      Sampling table 21x1001; from 1 GeV to 100 TeV 
      ===== EM models for the G4Region  DefaultRegionForTheWorld ======
          muPairProd :  Emin=        0 eV    Emax=      100 TeV

CoulombScat:   for  mu+, integral: 1     SubType= 1  BuildTable= 1
      Lambda table from threshold  to 100 TeV, 7 bins per decade, spline: 1
      ThetaMin(p) < Theta(degree) < 180; pLimit(GeV^1)= 0.139531
      ===== EM models for the G4Region  DefaultRegionForTheWorld ======
  eCoulombScattering :  Emin=        0 eV    Emax=      100 TeV

msc:   for mu-    SubType= 10
      RangeFactor= 0.2, step limit type: 0, lateralDisplacement: 0, polarAngleLimit(deg)= 180
      ===== EM models for the G4Region  DefaultRegionForTheWorld ======
        WentzelVIUni :  Emin=        0 eV    Emax=      100 TeV  Table with 84 bins Emin=    100 eV    Emax=    100 TeV

muIoni:   for  mu-    SubType= 2
      dE/dx and range tables from 100 eV  to 100 TeV in 84 bins
      Lambda tables from threshold to 100 TeV, 7 bins per decade, spline: 1
      finalRange(mm)= 0.1, dRoverRange= 0.2, integral: 1, fluct: 1, linLossLimit= 0.01
      ===== EM models for the G4Region  DefaultRegionForTheWorld ======
            ICRU73QO :  Emin=        0 eV    Emax=      200 keV
          BetheBloch :  Emin=      200 keV   Emax=        1 GeV
        MuBetheBloch :  Emin=        1 GeV   Emax=      100 TeV

muBrems:   for  mu-    SubType= 3
      dE/dx and range tables from 100 eV  to 100 TeV in 84 bins
      Lambda tables from threshold to 100 TeV, 7 bins per decade, spline: 1
      ===== EM models for the G4Region  DefaultRegionForTheWorld ======
              MuBrem :  Emin=        0 eV    Emax=      100 TeV

muPairProd:   for  mu-    SubType= 4
      dE/dx and range tables from 100 eV  to 100 TeV in 84 bins
      Lambda tables from threshold to 100 TeV, 7 bins per decade, spline: 1
      Sampling table 21x1001; from 1 GeV to 100 TeV 
      ===== EM models for the G4Region  DefaultRegionForTheWorld ======
          muPairProd :  Emin=        0 eV    Emax=      100 TeV

CoulombScat:   for  mu-, integral: 1     SubType= 1  BuildTable= 1
      Used Lambda table of mu+
      ThetaMin(p) < Theta(degree) < 180; pLimit(GeV^1)= 0.139531
      ===== EM models for the G4Region  DefaultRegionForTheWorld ======
  eCoulombScattering :  Emin=        0 eV    Emax=      100 TeV

msc:   for pi+    SubType= 10
      RangeFactor= 0.2, stepLimitType: 0, latDisplacement: 0
      ===== EM models for the G4Region  DefaultRegionForTheWorld ======
        WentzelVIUni :  Emin=        0 eV    Emax=      100 TeV  Table with 84 bins Emin=    100 eV    Emax=    100 TeV

hIoni:   for  pi+    SubType= 2
      dE/dx and range tables from 100 eV  to 100 TeV in 84 bins
      Lambda tables from threshold to 100 TeV, 7 bins per decade, spline: 1
      finalRange(mm)= 0.1, dRoverRange= 0.2, integral: 1, fluct: 1, linLossLimit= 0.01
      ===== EM models for the G4Region  DefaultRegionForTheWorld ======
               Bragg :  Emin=        0 eV    Emax=  297.505 keV
          BetheBloch :  Emin=  297.505 keV   Emax=      100 TeV

hBrems:   for  pi+    SubType= 3
      dE/dx and range tables from 100 eV  to 100 TeV in 84 bins
      Lambda tables from threshold to 100 TeV, 7 bins per decade, spline: 1
      ===== EM models for the G4Region  DefaultRegionForTheWorld ======
               hBrem :  Emin=        0 eV    Emax=      100 TeV

hPairProd:   for  pi+    SubType= 4
      dE/dx and range tables from 100 eV  to 100 TeV in 84 bins
      Lambda tables from threshold to 100 TeV, 7 bins per decade, spline: 1
      Sampling table 20x1001; from 1.11656 GeV to 100 TeV 
      ===== EM models for the G4Region  DefaultRegionForTheWorld ======
           hPairProd :  Emin=        0 eV    Emax=      100 TeV

CoulombScat:   for  pi+, integral: 1     SubType= 1  BuildTable= 1
      Lambda table from threshold  to 100 TeV, 7 bins per decade, spline: 1
      ThetaMin(p) < Theta(degree) < 180; pLimit(GeV^1)= 0.139531
      ===== EM models for the G4Region  DefaultRegionForTheWorld ======
  eCoulombScattering :  Emin=        0 eV    Emax=      100 TeV

msc:   for pi-    SubType= 10
      RangeFactor= 0.2, stepLimitType: 0, latDisplacement: 0
      ===== EM models for the G4Region  DefaultRegionForTheWorld ======
        WentzelVIUni :  Emin=        0 eV    Emax=      100 TeV  Table with 84 bins Emin=    100 eV    Emax=    100 TeV

hIoni:   for  pi-    SubType= 2
      dE/dx and range tables from 100 eV  to 100 TeV in 84 bins
      Lambda tables from threshold to 100 TeV, 7 bins per decade, spline: 1
      finalRange(mm)= 0.1, dRoverRange= 0.2, integral: 1, fluct: 1, linLossLimit= 0.01
      ===== EM models for the G4Region  DefaultRegionForTheWorld ======
            ICRU73QO :  Emin=        0 eV    Emax=  297.505 keV
          BetheBloch :  Emin=  297.505 keV   Emax=      100 TeV

hBrems:   for  pi-    SubType= 3
      dE/dx and range tables from 100 eV  to 100 TeV in 84 bins
      Lambda tables from threshold to 100 TeV, 7 bins per decade, spline: 1
      ===== EM models for the G4Region  DefaultRegionForTheWorld ======
               hBrem :  Emin=        0 eV    Emax=      100 TeV

hPairProd:   for  pi-    SubType= 4
      dE/dx and range tables from 100 eV  to 100 TeV in 84 bins
      Lambda tables from threshold to 100 TeV, 7 bins per decade, spline: 1
      Sampling table 20x1001; from 1.11656 GeV to 100 TeV 
      ===== EM models for the G4Region  DefaultRegionForTheWorld ======
           hPairProd :  Emin=        0 eV    Emax=      100 TeV

CoulombScat:   for  pi-, integral: 1     SubType= 1  BuildTable= 1
      Used Lambda table of pi+
      ThetaMin(p) < Theta(degree) < 180; pLimit(GeV^1)= 0.139531
      ===== EM models for the G4Region  DefaultRegionForTheWorld ======
  eCoulombScattering :  Emin=        0 eV    Emax=      100 TeV

====================================================================
                  HADRONIC PROCESSES SUMMARY (verbose level 1)

---------------------------------------------------
                           Hadronic Processes for neutron

  Process: hadElastic
        Model:             hElasticCHIPS: 0 eV  ---> 100 TeV
     Cr_sctns:        G4NeutronElasticXS: 0 eV  ---> 100 TeV
     Cr_sctns:            GheishaElastic: 0 eV  ---> 100 TeV

  Process: neutronInelastic
        Model:                      FTFP: 3 GeV ---> 100 TeV
        Model:            BertiniCascade: 0 eV  ---> 12 GeV
     Cr_sctns:      G4NeutronInelasticXS: 0 eV  ---> 100 TeV
     Cr_sctns:       Barashenkov-Glauber: 0 eV  ---> 100 TeV
     Cr_sctns:          GheishaInelastic: 0 eV  ---> 100 TeV

  Process: nCapture
        Model:               nRadCapture: 0 eV  ---> 100 TeV
     Cr_sctns:        G4NeutronCaptureXS: 0 eV  ---> 100 TeV
     Cr_sctns:          GheishaCaptureXS: 0 eV  ---> 100 TeV

  Process: nKiller

---------------------------------------------------
                           Hadronic Processes for GenericIon

  Process: ionInelastic
        Model:  Binary Light Ion Cascade: 0 eV /n ---> 4 GeV/n
        Model:                      FTFP: 2 GeV/n ---> 100 TeV/n
     Cr_sctns: Glauber-Gribov nucleus nucleus: 0 eV  ---> 2.88022e+295 J  
     Cr_sctns:          GheishaInelastic: 0 eV  ---> 100 TeV

---------------------------------------------------
                           Hadronic Processes for He3

  Process: hadElastic
        Model:              hElasticLHEP: 0 eV /n ---> 100 TeV/n
     Cr_sctns: Glauber-Gribov nucleus nucleus: 0 eV  ---> 2.88022e+295 J  
     Cr_sctns:            GheishaElastic: 0 eV  ---> 100 TeV

  Process: He3Inelastic
        Model:  Binary Light Ion Cascade: 0 eV /n ---> 4 GeV/n
        Model:                      FTFP: 2 GeV/n ---> 100 TeV/n
     Cr_sctns: Glauber-Gribov nucleus nucleus: 0 eV  ---> 2.88022e+295 J  
     Cr_sctns:          GheishaInelastic: 0 eV  ---> 100 TeV

---------------------------------------------------
                           Hadronic Processes for alpha

  Process: hadElastic
        Model:              hElasticLHEP: 0 eV /n ---> 100 TeV/n
     Cr_sctns:            GheishaElastic: 0 eV  ---> 100 TeV

  Process: alphaInelastic
        Model:  Binary Light Ion Cascade: 0 eV /n ---> 4 GeV/n
        Model:                      FTFP: 2 GeV/n ---> 100 TeV/n
     Cr_sctns: Glauber-Gribov nucleus nucleus: 0 eV  ---> 2.88022e+295 J  
     Cr_sctns:          GheishaInelastic: 0 eV  ---> 100 TeV

---------------------------------------------------
                           Hadronic Processes for anti_He3

  Process: hadElastic
        Model:              hElasticLHEP: 0 eV /n ---> 100.1 MeV/n
        Model:              AntiAElastic: 100 MeV/n ---> 100 TeV/n
     Cr_sctns:              AntiAGlauber: 0 eV  ---> 2.88022e+295 J  
     Cr_sctns:            GheishaElastic: 0 eV  ---> 100 TeV

  Process: anti_He3Inelastic
        Model:                      FTFP: 0 eV /n ---> 100 TeV/n
     Cr_sctns:              AntiAGlauber: 0 eV  ---> 2.88022e+295 J  
     Cr_sctns:          GheishaInelastic: 0 eV  ---> 100 TeV

  Process: hFritiofCaptureAtRest

---------------------------------------------------
                           Hadronic Processes for anti_alpha

  Process: hadElastic
        Model:              hElasticLHEP: 0 eV /n ---> 100.1 MeV/n
        Model:              AntiAElastic: 100 MeV/n ---> 100 TeV/n
     Cr_sctns:              AntiAGlauber: 0 eV  ---> 2.88022e+295 J  
     Cr_sctns:            GheishaElastic: 0 eV  ---> 100 TeV

  Process: anti_alphaInelastic
        Model:                      FTFP: 0 eV /n ---> 100 TeV/n
     Cr_sctns:              AntiAGlauber: 0 eV  ---> 2.88022e+295 J  
     Cr_sctns:          GheishaInelastic: 0 eV  ---> 100 TeV

  Process: hFritiofCaptureAtRest

---------------------------------------------------
                           Hadronic Processes for anti_deuteron

  Process: hadElastic
        Model:              hElasticLHEP: 0 eV /n ---> 100.1 MeV/n
        Model:              AntiAElastic: 100 MeV/n ---> 100 TeV/n
     Cr_sctns:              AntiAGlauber: 0 eV  ---> 2.88022e+295 J  
     Cr_sctns:            GheishaElastic: 0 eV  ---> 100 TeV

  Process: anti_deuteronInelastic
        Model:                      FTFP: 0 eV /n ---> 100 TeV/n
     Cr_sctns:              AntiAGlauber: 0 eV  ---> 2.88022e+295 J  
     Cr_sctns:          GheishaInelastic: 0 eV  ---> 100 TeV

  Process: hFritiofCaptureAtRest

---------------------------------------------------
                           Hadronic Processes for anti_neutron

  Process: hadElastic
        Model:              hElasticLHEP: 0 eV  ---> 100 TeV
     Cr_sctns:            GheishaElastic: 0 eV  ---> 100 TeV

  Process: anti_neutronInelastic
        Model:                      FTFP: 0 eV  ---> 100 TeV
     Cr_sctns:              AntiAGlauber: 0 eV  ---> 2.88022e+295 J  
     Cr_sctns:          GheishaInelastic: 0 eV  ---> 100 TeV

---------------------------------------------------
                           Hadronic Processes for anti_proton

  Process: hadElastic
        Model:              hElasticLHEP: 0 eV  ---> 100.1 MeV
        Model:              AntiAElastic: 100 MeV ---> 100 TeV
     Cr_sctns:              AntiAGlauber: 0 eV  ---> 2.88022e+295 J  
     Cr_sctns:            GheishaElastic: 0 eV  ---> 100 TeV

  Process: anti_protonInelastic
        Model:                      FTFP: 0 eV  ---> 100 TeV
     Cr_sctns:              AntiAGlauber: 0 eV  ---> 2.88022e+295 J  
     Cr_sctns:          GheishaInelastic: 0 eV  ---> 100 TeV

  Process: hFritiofCaptureAtRest

---------------------------------------------------
                           Hadronic Processes for anti_triton

  Process: hadElastic
        Model:              hElasticLHEP: 0 eV /n ---> 100.1 MeV/n
        Model:              AntiAElastic: 100 MeV/n ---> 100 TeV/n
     Cr_sctns:              AntiAGlauber: 0 eV  ---> 2.88022e+295 J  
     Cr_sctns:            GheishaElastic: 0 eV  ---> 100 TeV

  Process: anti_tritonInelastic
        Model:                      FTFP: 0 eV /n ---> 100 TeV/n
     Cr_sctns:              AntiAGlauber: 0 eV  ---> 2.88022e+295 J  
     Cr_sctns:          GheishaInelastic: 0 eV  ---> 100 TeV

  Process: hFritiofCaptureAtRest

---------------------------------------------------
                           Hadronic Processes for deuteron

  Process: hadElastic
        Model:              hElasticLHEP: 0 eV /n ---> 100 TeV/n
     Cr_sctns:            GheishaElastic: 0 eV  ---> 100 TeV

  Process: dInelastic
        Model:  Binary Light Ion Cascade: 0 eV /n ---> 4 GeV/n
        Model:                      FTFP: 2 GeV/n ---> 100 TeV/n
     Cr_sctns: Glauber-Gribov nucleus nucleus: 0 eV  ---> 2.88022e+295 J  
     Cr_sctns:          GheishaInelastic: 0 eV  ---> 100 TeV

---------------------------------------------------
                           Hadronic Processes for e+

  Process: positronNuclear
        Model:   G4ElectroVDNuclearModel: 0 eV  ---> 1 PeV
     Cr_sctns:          ElectroNuclearXS: 0 eV  ---> 100 TeV
     Cr_sctns:          GheishaInelastic: 0 eV  ---> 100 TeV

---------------------------------------------------
                           Hadronic Processes for e-

  Process: electronNuclear
        Model:   G4ElectroVDNuclearModel: 0 eV  ---> 1 PeV
     Cr_sctns:          ElectroNuclearXS: 0 eV  ---> 100 TeV
     Cr_sctns:          GheishaInelastic: 0 eV  ---> 100 TeV

---------------------------------------------------
                           Hadronic Processes for gamma

  Process: photonNuclear
        Model:            BertiniCascade: 0 eV  ---> 3.5 GeV
        Model:           TheoFSGenerator: 3 GeV ---> 100 TeV
     Cr_sctns:            PhotoNuclearXS: 0 eV  ---> 100 TeV
     Cr_sctns:          GheishaInelastic: 0 eV  ---> 100 TeV

---------------------------------------------------
                           Hadronic Processes for kaon+

  Process: hadElastic
        Model:              hElasticLHEP: 0 eV  ---> 100 TeV
     Cr_sctns:            Glauber-Gribov: 0 eV  ---> 2.88022e+295 J  
     Cr_sctns:            GheishaElastic: 0 eV  ---> 100 TeV

  Process: kaon+Inelastic
        Model:                      FTFP: 3 GeV ---> 100 TeV
        Model:            BertiniCascade: 0 eV  ---> 12 GeV
     Cr_sctns:            Glauber-Gribov: 0 eV  ---> 2.88022e+295 J  
     Cr_sctns:  ChipsKaonPlusInelasticXS: 0 eV  ---> 100 TeV
     Cr_sctns:          GheishaInelastic: 0 eV  ---> 100 TeV

---------------------------------------------------
                           Hadronic Processes for kaon-

  Process: hadElastic
        Model:              hElasticLHEP: 0 eV  ---> 100 TeV
     Cr_sctns:            Glauber-Gribov: 0 eV  ---> 2.88022e+295 J  
     Cr_sctns:            GheishaElastic: 0 eV  ---> 100 TeV

  Process: kaon-Inelastic
        Model:                      FTFP: 3 GeV ---> 100 TeV
        Model:            BertiniCascade: 0 eV  ---> 12 GeV
     Cr_sctns:            Glauber-Gribov: 0 eV  ---> 2.88022e+295 J  
     Cr_sctns: ChipsKaonMinusInelasticXS: 0 eV  ---> 100 TeV
     Cr_sctns:          GheishaInelastic: 0 eV  ---> 100 TeV

  Process: hBertiniCaptureAtRest

---------------------------------------------------
                           Hadronic Processes for lambda

  Process: hadElastic
        Model:              hElasticLHEP: 0 eV  ---> 100 TeV
     Cr_sctns:            GheishaElastic: 0 eV  ---> 100 TeV

  Process: lambdaInelastic
        Model:            BertiniCascade: 0 eV  ---> 6 GeV
        Model:                      FTFP: 2 GeV ---> 100 TeV
     Cr_sctns:   ChipsHyperonInelasticXS: 0 eV  ---> 100 TeV
     Cr_sctns:          GheishaInelastic: 0 eV  ---> 100 TeV

---------------------------------------------------
                           Hadronic Processes for mu+

  Process: muonNuclear
        Model:      G4MuonVDNuclearModel: 0 eV  ---> 1 PeV
     Cr_sctns:     KokoulinMuonNuclearXS: 0 eV  ---> 100 TeV

---------------------------------------------------
                           Hadronic Processes for mu-

  Process: muonNuclear
        Model:      G4MuonVDNuclearModel: 0 eV  ---> 1 PeV
     Cr_sctns:     KokoulinMuonNuclearXS: 0 eV  ---> 100 TeV

  Process: muMinusCaptureAtRest

---------------------------------------------------
                           Hadronic Processes for pi+

  Process: hadElastic
        Model:              hElasticLHEP: 0 eV  ---> 1.0001 GeV
        Model:           hElasticGlauber: 1 GeV ---> 100 TeV
     Cr_sctns:       Barashenkov-Glauber: 0 eV  ---> 100 TeV
     Cr_sctns:            GheishaElastic: 0 eV  ---> 100 TeV

  Process: pi+Inelastic
        Model:                      FTFP: 3 GeV ---> 100 TeV
        Model:            BertiniCascade: 0 eV  ---> 12 GeV
     Cr_sctns:      G4CrossSectionPairGG: 0 eV  ---> 100 TeV
                         G4CrossSectionPairGG: G4PiNuclearCrossSection cross sections 
                           below 91 GeV, Glauber-Gribov above 
     Cr_sctns:          GheishaInelastic: 0 eV  ---> 100 TeV

---------------------------------------------------
                           Hadronic Processes for pi-

  Process: hadElastic
        Model:              hElasticLHEP: 0 eV  ---> 1.0001 GeV
        Model:           hElasticGlauber: 1 GeV ---> 100 TeV
     Cr_sctns:       Barashenkov-Glauber: 0 eV  ---> 100 TeV
     Cr_sctns:            GheishaElastic: 0 eV  ---> 100 TeV

  Process: pi-Inelastic
        Model:                      FTFP: 3 GeV ---> 100 TeV
        Model:            BertiniCascade: 0 eV  ---> 12 GeV
     Cr_sctns:      G4CrossSectionPairGG: 0 eV  ---> 100 TeV
                         G4CrossSectionPairGG: G4PiNuclearCrossSection cross sections 
                           below 91 GeV, Glauber-Gribov above 
     Cr_sctns:          GheishaInelastic: 0 eV  ---> 100 TeV

  Process: hBertiniCaptureAtRest

---------------------------------------------------
                           Hadronic Processes for proton

  Process: hadElastic
        Model:             hElasticCHIPS: 0 eV  ---> 100 TeV
     Cr_sctns:      ChipsProtonElasticXS: 0 eV  ---> 100 TeV
     Cr_sctns:            GheishaElastic: 0 eV  ---> 100 TeV

  Process: protonInelastic
        Model:                      FTFP: 3 GeV ---> 100 TeV
        Model:            BertiniCascade: 0 eV  ---> 12 GeV
     Cr_sctns:       Barashenkov-Glauber: 0 eV  ---> 100 TeV
     Cr_sctns:          GheishaInelastic: 0 eV  ---> 100 TeV

---------------------------------------------------
                           Hadronic Processes for triton

  Process: hadElastic
        Model:              hElasticLHEP: 0 eV /n ---> 100 TeV/n
     Cr_sctns:            GheishaElastic: 0 eV  ---> 100 TeV

  Process: tInelastic
        Model:  Binary Light Ion Cascade: 0 eV /n ---> 4 GeV/n
        Model:                      FTFP: 2 GeV/n ---> 100 TeV/n
     Cr_sctns: Glauber-Gribov nucleus nucleus: 0 eV  ---> 2.88022e+295 J  
     Cr_sctns:          GheishaInelastic: 0 eV  ---> 100 TeV

================================================================
=======================================================================
======       Pre-compound/De-excitation Physics Parameters     ========
=======================================================================
Type of pre-compound inverse x-section              3
Pre-compound model active                           1
Pre-compound low energy (MeV)                       0.1
Type of de-excitation inverse x-section             3
Type of de-excitation factory                       Evaporation
Number of de-excitation channels                    8
Min excitation energy (keV)                         0.01
Min energy per nucleon for multifragmentation (MeV) 1e+05
Level density (1/MeV)                               0.1
Time limit for long lived isomeres (ns)             1e+12
Internal e- conversion flag                         1
Store e- internal conversion data                   0
Electron internal conversion ID                     2
Correlated gamma emission flag                      0
Max 2J for sampling of angular correlations         10
=======================================================================
### Run 0 starts.
### Run 0 starts.
... open Root analysis file : monopole.root - done
--> Event 0 starts.
0

---> Begin of event: 0
1

---> Begin of event: 1
2

---> Begin of event: 2
3

---> Begin of event: 3
4

---> Begin of event: 4
5

---> Begin of event: 5
6

---> Begin of event: 6
7

---> Begin of event: 7
8

---> Begin of event: 8
9

---> Begin of event: 9
--> Event 10 starts.
10

---> Begin of event: 10
11

---> Begin of event: 11
12

---> Begin of event: 12
13

---> Begin of event: 13
14

---> Begin of event: 14
15

---> Begin of event: 15
16

---> Begin of event: 16
17

---> Begin of event: 17
18

---> Begin of event: 18
19

---> Begin of event: 19
--> Event 20 starts.
20

---> Begin of event: 20
21

---> Begin of event: 21
22

---> Begin of event: 22
23

---> Begin of event: 23
24

---> Begin of event: 24
25

---> Begin of event: 25
26

---> Begin of event: 26
27

---> Begin of event: 27
28

---> Begin of event: 28
29

---> Begin of event: 29
--> Event 30 starts.
30

---> Begin of event: 30
31

---> Begin of event: 31
32

---> Begin of event: 32
33

---> Begin of event: 33
34

---> Begin of event: 34
35

---> Begin of event: 35
36

---> Begin of event: 36
37

---> Begin of event: 37
38

---> Begin of event: 38
39

---> Begin of event: 39
--> Event 40 starts.
40

---> Begin of event: 40
41

---> Begin of event: 41
42

---> Begin of event: 42
43

---> Begin of event: 43
44

---> Begin of event: 44
45

---> Begin of event: 45
46

---> Begin of event: 46
47

---> Begin of event: 47
48

---> Begin of event: 48
49

---> Begin of event: 49
--> Event 50 starts.
50

---> Begin of event: 50
51

---> Begin of event: 51
52

---> Begin of event: 52
53

---> Begin of event: 53
54

---> Begin of event: 54
55

---> Begin of event: 55
56

---> Begin of event: 56
57

---> Begin of event: 57
58

---> Begin of event: 58
59

---> Begin of event: 59
--> Event 60 starts.
60

---> Begin of event: 60
61

---> Begin of event: 61
62

---> Begin of event: 62
63

---> Begin of event: 63
64

---> Begin of event: 64
65

---> Begin of event: 65
66

---> Begin of event: 66
67

---> Begin of event: 67
68

---> Begin of event: 68
69

---> Begin of event: 69
--> Event 70 starts.
70

---> Begin of event: 70
71

---> Begin of event: 71
72

---> Begin of event: 72
73

---> Begin of event: 73
74

---> Begin of event: 74
75

---> Begin of event: 75
76

---> Begin of event: 76
77

---> Begin of event: 77
78

---> Begin of event: 78
79

---> Begin of event: 79
--> Event 80 starts.
80

---> Begin of event: 80
81

---> Begin of event: 81
82

---> Begin of event: 82
83

---> Begin of event: 83
84

---> Begin of event: 84
85

---> Begin of event: 85
86

---> Begin of event: 86
87

---> Begin of event: 87
88

---> Begin of event: 88
89

---> Begin of event: 89
--> Event 90 starts.
90

---> Begin of event: 90
91

---> Begin of event: 91
92

---> Begin of event: 92
93

---> Begin of event: 93
94

---> Begin of event: 94
95

---> Begin of event: 95
96

---> Begin of event: 96
97

---> Begin of event: 97
98

---> Begin of event: 98
99

---> Begin of event: 99

 The run consists of 100 monopole of 100 GeV through 10 cm  of G4_Si (density: 2.33 g/cm3 )
 Projected Range= 0 fm    rms= 0 fm 

### Stopping Powers
 E(MeV)= 0.001  dedxp(MeV/mm)= 24.465 dedxmp(MeV/mm)= -8.0876e-21
 E(MeV)= 0.0012589  dedxp(MeV/mm)= 27.276 dedxmp(MeV/mm)= -9.0745e-21
 E(MeV)= 0.0015849  dedxp(MeV/mm)= 30.767 dedxmp(MeV/mm)= -1.0182e-20
 E(MeV)= 0.0019953  dedxp(MeV/mm)= 34.558 dedxmp(MeV/mm)= -1.1424e-20
 E(MeV)= 0.0025119  dedxp(MeV/mm)= 38.769 dedxmp(MeV/mm)= -1.2818e-20
 E(MeV)= 0.0031623  dedxp(MeV/mm)= 43.491 dedxmp(MeV/mm)= -1.4382e-20
 E(MeV)= 0.0039811  dedxp(MeV/mm)= 48.814 dedxmp(MeV/mm)= -1.6137e-20
 E(MeV)= 0.0050119  dedxp(MeV/mm)= 54.773 dedxmp(MeV/mm)= -1.8106e-20
 E(MeV)= 0.0063096  dedxp(MeV/mm)= 61.455 dedxmp(MeV/mm)= -2.0315e-20
 E(MeV)= 0.0079433  dedxp(MeV/mm)= 68.933 dedxmp(MeV/mm)= -2.2794e-20
 E(MeV)= 0.01  dedxp(MeV/mm)= 77.356 dedxmp(MeV/mm)= -2.5575e-20
 E(MeV)= 0.012589  dedxp(MeV/mm)= 85.192 dedxmp(MeV/mm)= -2.8696e-20
 E(MeV)= 0.015849  dedxp(MeV/mm)= 93.469 dedxmp(MeV/mm)= -3.2197e-20
 E(MeV)= 0.019953  dedxp(MeV/mm)= 101.92 dedxmp(MeV/mm)= -3.6126e-20
 E(MeV)= 0.025119  dedxp(MeV/mm)= 110.26 dedxmp(MeV/mm)= -4.0534e-20
 E(MeV)= 0.031623  dedxp(MeV/mm)= 117.88 dedxmp(MeV/mm)= -4.548e-20
 E(MeV)= 0.039811  dedxp(MeV/mm)= 123.92 dedxmp(MeV/mm)= -5.103e-20
 E(MeV)= 0.050119  dedxp(MeV/mm)= 127.47 dedxmp(MeV/mm)= -5.7256e-20
 E(MeV)= 0.063096  dedxp(MeV/mm)= 127.65 dedxmp(MeV/mm)= -6.4242e-20
 E(MeV)= 0.079433  dedxp(MeV/mm)= 124.16 dedxmp(MeV/mm)= -7.2081e-20
 E(MeV)= 0.1  dedxp(MeV/mm)= 117.53 dedxmp(MeV/mm)= -8.0876e-20
 E(MeV)= 0.12589  dedxp(MeV/mm)= 108.93 dedxmp(MeV/mm)= -9.0745e-20
 E(MeV)= 0.15849  dedxp(MeV/mm)= 99.664 dedxmp(MeV/mm)= -1.0182e-19
 E(MeV)= 0.19953  dedxp(MeV/mm)= 90.588 dedxmp(MeV/mm)= -1.1424e-19
 E(MeV)= 0.25119  dedxp(MeV/mm)= 82.081 dedxmp(MeV/mm)= -1.2818e-19
 E(MeV)= 0.31623  dedxp(MeV/mm)= 74.169 dedxmp(MeV/mm)= -1.4382e-19
 E(MeV)= 0.39811  dedxp(MeV/mm)= 66.763 dedxmp(MeV/mm)= -1.6137e-19
 E(MeV)= 0.50119  dedxp(MeV/mm)= 59.742 dedxmp(MeV/mm)= -1.8106e-19
 E(MeV)= 0.63096  dedxp(MeV/mm)= 53.434 dedxmp(MeV/mm)= -2.0315e-19
 E(MeV)= 0.79433  dedxp(MeV/mm)= 47.062 dedxmp(MeV/mm)= -2.2794e-19
 E(MeV)= 1  dedxp(MeV/mm)= 40.845 dedxmp(MeV/mm)= -2.5575e-19
 E(MeV)= 1.2589  dedxp(MeV/mm)= 35.325 dedxmp(MeV/mm)= -2.8696e-19
 E(MeV)= 1.5849  dedxp(MeV/mm)= 30.422 dedxmp(MeV/mm)= -3.2197e-19
 E(MeV)= 1.9953  dedxp(MeV/mm)= 26.068 dedxmp(MeV/mm)= -3.6126e-19
 E(MeV)= 2.5119  dedxp(MeV/mm)= 22.267 dedxmp(MeV/mm)= -4.0534e-19
 E(MeV)= 3.1623  dedxp(MeV/mm)= 18.934 dedxmp(MeV/mm)= -4.548e-19
 E(MeV)= 3.9811  dedxp(MeV/mm)= 16.043 dedxmp(MeV/mm)= -5.103e-19
 E(MeV)= 5.0119  dedxp(MeV/mm)= 13.589 dedxmp(MeV/mm)= -5.7256e-19
 E(MeV)= 6.3096  dedxp(MeV/mm)= 11.42 dedxmp(MeV/mm)= -6.4242e-19
 E(MeV)= 7.9433  dedxp(MeV/mm)= 9.608 dedxmp(MeV/mm)= -7.2081e-19
 E(MeV)= 10  dedxp(MeV/mm)= 8.0524 dedxmp(MeV/mm)= -8.0876e-19
 E(MeV)= 12.589  dedxp(MeV/mm)= 6.6936 dedxmp(MeV/mm)= -9.0745e-19
 E(MeV)= 15.849  dedxp(MeV/mm)= 5.5755 dedxmp(MeV/mm)= -1.0182e-18
 E(MeV)= 19.953  dedxp(MeV/mm)= 4.6616 dedxmp(MeV/mm)= -1.1424e-18
 E(MeV)= 25.119  dedxp(MeV/mm)= 3.9107 dedxmp(MeV/mm)= -1.2818e-18
 E(MeV)= 31.623  dedxp(MeV/mm)= 3.2703 dedxmp(MeV/mm)= -1.4382e-18
 E(MeV)= 39.811  dedxp(MeV/mm)= 2.7356 dedxmp(MeV/mm)= -1.6137e-18
 E(MeV)= 50.119  dedxp(MeV/mm)= 2.2882 dedxmp(MeV/mm)= -1.8106e-18
 E(MeV)= 63.096  dedxp(MeV/mm)= 1.9184 dedxmp(MeV/mm)= -2.0315e-18
 E(MeV)= 79.433  dedxp(MeV/mm)= 1.6121 dedxmp(MeV/mm)= -2.2794e-18
 E(MeV)= 100  dedxp(MeV/mm)= 1.3599 dedxmp(MeV/mm)= -2.5575e-18
 E(MeV)= 125.89  dedxp(MeV/mm)= 1.153 dedxmp(MeV/mm)= -2.8696e-18
 E(MeV)= 158.49  dedxp(MeV/mm)= 0.98406 dedxmp(MeV/mm)= -3.2197e-18
 E(MeV)= 199.53  dedxp(MeV/mm)= 0.84666 dedxmp(MeV/mm)= -3.6126e-18
 E(MeV)= 251.19  dedxp(MeV/mm)= 0.73555 dedxmp(MeV/mm)= -4.0534e-18
 E(MeV)= 316.23  dedxp(MeV/mm)= 0.64633 dedxmp(MeV/mm)= -4.548e-18
 E(MeV)= 398.11  dedxp(MeV/mm)= 0.57535 dedxmp(MeV/mm)= -5.103e-18
 E(MeV)= 501.19  dedxp(MeV/mm)= 0.51956 dedxmp(MeV/mm)= -5.7256e-18
 E(MeV)= 630.96  dedxp(MeV/mm)= 0.47644 dedxmp(MeV/mm)= -6.4242e-18
 E(MeV)= 794.33  dedxp(MeV/mm)= 0.44387 dedxmp(MeV/mm)= -7.2081e-18
 E(MeV)= 1000  dedxp(MeV/mm)= 0.42068 dedxmp(MeV/mm)= -8.0876e-18
 E(MeV)= 1258.9  dedxp(MeV/mm)= 0.40476 dedxmp(MeV/mm)= -9.0745e-18
 E(MeV)= 1584.9  dedxp(MeV/mm)= 0.39477 dedxmp(MeV/mm)= -1.0182e-17
 E(MeV)= 1995.3  dedxp(MeV/mm)= 0.38966 dedxmp(MeV/mm)= -1.1424e-17
 E(MeV)= 2511.9  dedxp(MeV/mm)= 0.3885 dedxmp(MeV/mm)= -1.2818e-17
 E(MeV)= 3162.3  dedxp(MeV/mm)= 0.39046 dedxmp(MeV/mm)= -1.4382e-17
 E(MeV)= 3981.1  dedxp(MeV/mm)= 0.39483 dedxmp(MeV/mm)= -1.6137e-17
 E(MeV)= 5011.9  dedxp(MeV/mm)= 0.40101 dedxmp(MeV/mm)= -1.8106e-17
 E(MeV)= 6309.6  dedxp(MeV/mm)= 0.4085 dedxmp(MeV/mm)= -2.0315e-17
 E(MeV)= 7943.3  dedxp(MeV/mm)= 0.41692 dedxmp(MeV/mm)= -2.2794e-17
 E(MeV)= 10000  dedxp(MeV/mm)= 0.42591 dedxmp(MeV/mm)= -2.5575e-17
 E(MeV)= 12589  dedxp(MeV/mm)= 0.43526 dedxmp(MeV/mm)= -2.8696e-17
 E(MeV)= 15849  dedxp(MeV/mm)= 0.44479 dedxmp(MeV/mm)= -3.2197e-17
 E(MeV)= 19953  dedxp(MeV/mm)= 0.45437 dedxmp(MeV/mm)= -3.6126e-17
 E(MeV)= 25119  dedxp(MeV/mm)= 0.46392 dedxmp(MeV/mm)= -4.0534e-17
 E(MeV)= 31623  dedxp(MeV/mm)= 0.4734 dedxmp(MeV/mm)= -4.548e-17
 E(MeV)= 39811  dedxp(MeV/mm)= 0.48279 dedxmp(MeV/mm)= -5.103e-17
 E(MeV)= 50119  dedxp(MeV/mm)= 0.49208 dedxmp(MeV/mm)= -5.7256e-17
 E(MeV)= 63096  dedxp(MeV/mm)= 0.5013 dedxmp(MeV/mm)= -6.4242e-17
 E(MeV)= 79433  dedxp(MeV/mm)= 0.51047 dedxmp(MeV/mm)= -7.2081e-17
 E(MeV)= 1e+05  dedxp(MeV/mm)= 0.51964 dedxmp(MeV/mm)= -8.0876e-17
 E(MeV)= 1.2589e+05  dedxp(MeV/mm)= 0.5289 dedxmp(MeV/mm)= -9.0745e-17
 E(MeV)= 1.5849e+05  dedxp(MeV/mm)= 0.53834 dedxmp(MeV/mm)= -1.0182e-16
 E(MeV)= 1.9953e+05  dedxp(MeV/mm)= 0.54808 dedxmp(MeV/mm)= -1.1424e-16
 E(MeV)= 2.5119e+05  dedxp(MeV/mm)= 0.55828 dedxmp(MeV/mm)= -1.2818e-16
 E(MeV)= 3.1623e+05  dedxp(MeV/mm)= 0.56916 dedxmp(MeV/mm)= -1.4382e-16
 E(MeV)= 3.9811e+05  dedxp(MeV/mm)= 0.58097 dedxmp(MeV/mm)= -1.6137e-16
 E(MeV)= 5.0119e+05  dedxp(MeV/mm)= 0.59408 dedxmp(MeV/mm)= -1.8106e-16
 E(MeV)= 6.3096e+05  dedxp(MeV/mm)= 0.60891 dedxmp(MeV/mm)= -2.0315e-16
 E(MeV)= 7.9433e+05  dedxp(MeV/mm)= 0.62602 dedxmp(MeV/mm)= -2.2794e-16
 E(MeV)= 1e+06  dedxp(MeV/mm)= 0.64612 dedxmp(MeV/mm)= -2.5575e-16
 E(MeV)= 1.2589e+06  dedxp(MeV/mm)= 0.6701 dedxmp(MeV/mm)= -2.8696e-16
 E(MeV)= 1.5849e+06  dedxp(MeV/mm)= 0.6991 dedxmp(MeV/mm)= -3.2197e-16
 E(MeV)= 1.9953e+06  dedxp(MeV/mm)= 0.73447 dedxmp(MeV/mm)= -3.6126e-16
 E(MeV)= 2.5119e+06  dedxp(MeV/mm)= 0.77187 dedxmp(MeV/mm)= -4.0534e-16
 E(MeV)= 3.1623e+06  dedxp(MeV/mm)= 0.82036 dedxmp(MeV/mm)= -4.548e-16
 E(MeV)= 3.9811e+06  dedxp(MeV/mm)= 0.88274 dedxmp(MeV/mm)= -5.103e-16
 E(MeV)= 5.0119e+06  dedxp(MeV/mm)= 0.96259 dedxmp(MeV/mm)= -5.7256e-16
 E(MeV)= 6.3096e+06  dedxp(MeV/mm)= 1.0645 dedxmp(MeV/mm)= -6.4242e-16
 E(MeV)= 7.9433e+06  dedxp(MeV/mm)= 1.1943 dedxmp(MeV/mm)= -7.2081e-16
### End of stopping power table
Range table for G4_Si
... write Root file : monopole.root - done
... close Root file : monopole.root - done
